2017-08-30 09:00:11 com.atomikos.jdbc.AbstractDataSourceBean - AtomikosDataSoureBean 'systemUser': init...
2017-08-30 09:00:11 com.atomikos.jdbc.AbstractDataSourceBean - AtomikosDataSoureBean 'systemUser': init...
2017-08-30 09:00:20 com.atomikos.jdbc.AbstractDataSourceBean - AtomikosDataSoureBean 'loan': init...
2017-08-30 09:02:45 com.atomikos.jdbc.AbstractDataSourceBean - AtomikosDataSoureBean 'loan': init...
2017-08-30 09:02:45 com.atomikos.jdbc.AbstractDataSourceBean - AtomikosDataSoureBean 'loan': init...
2017-08-30 09:02:58 com.atomikos.jdbc.AbstractDataSourceBean - AtomikosDataSoureBean 'loan': init...
2017-08-30 09:02:58 com.atomikos.jdbc.AbstractDataSourceBean - AtomikosDataSoureBean 'loan': init...
2017-08-30 09:03:04 com.atomikos.jdbc.AbstractDataSourceBean - AtomikosDataSoureBean 'loan': init...
2017-08-30 09:03:04 com.atomikos.jdbc.AbstractDataSourceBean - AtomikosDataSoureBean 'loan': init...
2017-08-30 09:03:12 com.atomikos.jdbc.AbstractDataSourceBean - AtomikosDataSoureBean 'loan': init...
2017-08-30 09:03:12 com.atomikos.jdbc.AbstractDataSourceBean - AtomikosDataSoureBean 'loan': init...
2017-08-30 09:04:21 com.atomikos.jdbc.AbstractDataSourceBean - AtomikosDataSoureBean 'loan': init...
2017-08-30 09:04:43 com.atomikos.jdbc.AbstractDataSourceBean - AtomikosDataSoureBean 'loan': init...
2017-08-30 09:06:22 com.atomikos.jdbc.AbstractDataSourceBean - AtomikosDataSoureBean 'loan': init...
2017-08-30 09:06:22 com.atomikos.jdbc.AbstractDataSourceBean - AtomikosDataSoureBean 'loan': init...
2017-08-30 09:06:42 com.atomikos.jdbc.AbstractDataSourceBean - AtomikosDataSoureBean 'loan': init...
2017-08-30 09:06:42 com.atomikos.jdbc.AbstractDataSourceBean - AtomikosDataSoureBean 'loan': init...
2017-08-30 09:10:13 com.atomikos.jdbc.AbstractDataSourceBean - AtomikosDataSoureBean 'loan': init...
2017-08-30 09:10:13 com.atomikos.jdbc.AbstractDataSourceBean - AtomikosDataSoureBean 'loan': init...
2017-08-30 09:10:15 com.atomikos.jdbc.AbstractDataSourceBean - AtomikosDataSoureBean 'loan': init...
2017-08-30 09:10:16 com.atomikos.jdbc.AbstractDataSourceBean - AtomikosDataSoureBean 'loan': init...
2017-08-30 09:10:16 com.atomikos.jdbc.AbstractDataSourceBean - AtomikosDataSoureBean 'loan': init...
2017-08-30 09:10:41 com.atomikos.jdbc.AbstractDataSourceBean - AtomikosDataSoureBean 'loan': init...
2017-08-30 09:10:55 com.atomikos.jdbc.AbstractDataSourceBean - AtomikosDataSoureBean 'loan': init...
2017-08-30 09:10:55 com.atomikos.jdbc.AbstractDataSourceBean - AtomikosDataSoureBean 'loan': init...
2017-08-30 09:11:09 com.atomikos.jdbc.AbstractDataSourceBean - AtomikosDataSoureBean 'loan': init...
2017-08-30 09:11:09 com.atomikos.jdbc.AbstractDataSourceBean - AtomikosDataSoureBean 'loan': init...
2017-08-30 09:26:59 com.atomikos.jdbc.AbstractDataSourceBean - AtomikosDataSoureBean 'loan': init...
2017-08-30 09:26:59 com.atomikos.jdbc.AbstractDataSourceBean - AtomikosDataSoureBean 'loan': init...
2017-08-30 09:27:00 com.atomikos.jdbc.AbstractDataSourceBean - AtomikosDataSoureBean 'loan': init...
2017-08-30 09:27:00 com.atomikos.jdbc.AbstractDataSourceBean - AtomikosDataSoureBean 'loan': init...
2017-08-30 09:27:20 com.atomikos.jdbc.AbstractDataSourceBean - AtomikosDataSoureBean 'loan': init...
2017-08-30 09:27:20 com.atomikos.jdbc.AbstractDataSourceBean - AtomikosDataSoureBean 'loan': init...
2017-08-30 09:28:15 com.atomikos.jdbc.AbstractDataSourceBean - AtomikosDataSoureBean 'loan': init...
2017-08-30 09:28:30 com.atomikos.jdbc.AbstractDataSourceBean - AtomikosDataSoureBean 'loan': init...
2017-08-30 09:28:30 com.atomikos.jdbc.AbstractDataSourceBean - AtomikosDataSoureBean 'loan': init...
2017-08-30 09:28:31 com.atomikos.jdbc.AbstractDataSourceBean - AtomikosDataSoureBean 'loan': init...
2017-08-30 09:28:31 com.atomikos.jdbc.AbstractDataSourceBean - AtomikosDataSoureBean 'loan': init...
2017-08-30 09:33:29 com.atomikos.jdbc.AbstractDataSourceBean - AtomikosDataSoureBean 'loan': init...
2017-08-30 09:33:29 com.atomikos.jdbc.AbstractDataSourceBean - AtomikosDataSoureBean 'loan': init...
2017-08-30 10:44:58 org.springframework.web.context.ContextLoader - Root WebApplicationContext: initialization started
2017-08-30 10:44:58 org.springframework.web.context.support.XmlWebApplicationContext - Refreshing Root WebApplicationContext: startup date [Wed Aug 30 10:44:58 CST 2017]; root of context hierarchy
2017-08-30 10:44:58 org.springframework.beans.factory.xml.XmlBeanDefinitionReader - Loading XML bean definitions from URL [file:/H:/CheFeiDaiWorkSpace_20170814/houhe-api/api/target/classes/context.xml]
2017-08-30 10:44:59 org.springframework.beans.factory.xml.XmlBeanDefinitionReader - Loading XML bean definitions from URL [jar:file:/C:/Users/Administrator/.m2/repository/cn/interheart/platform.core/1.0.11/platform.core-1.0.11.jar!/applicationContext.xml]
2017-08-30 10:44:59 org.springframework.beans.factory.xml.XmlBeanDefinitionReader - Loading XML bean definitions from class path resource [applicationContext-common.xml]
2017-08-30 10:44:59 org.springframework.beans.factory.xml.XmlBeanDefinitionReader - Loading XML bean definitions from file [H:\CheFeiDaiWorkSpace_20170814\houhe-api\api\target\classes\applicationContext-db-config.xml]
2017-08-30 10:44:59 org.springframework.beans.factory.xml.XmlBeanDefinitionReader - Loading XML bean definitions from file [H:\CheFeiDaiWorkSpace_20170814\houhe-api\api\target\classes\applicationContext-db-loan.xml]
2017-08-30 10:44:59 org.springframework.beans.factory.xml.XmlBeanDefinitionReader - Loading XML bean definitions from file [H:\CheFeiDaiWorkSpace_20170814\houhe-api\api\target\classes\applicationContext-db-log.xml]
2017-08-30 10:44:59 org.springframework.beans.factory.xml.XmlBeanDefinitionReader - Loading XML bean definitions from file [H:\CheFeiDaiWorkSpace_20170814\houhe-api\api\target\classes\applicationContext-db-member.xml]
2017-08-30 10:44:59 org.springframework.beans.factory.xml.XmlBeanDefinitionReader - Loading XML bean definitions from file [H:\CheFeiDaiWorkSpace_20170814\houhe-api\api\target\classes\applicationContext-db-system-user.xml]
2017-08-30 10:44:59 org.springframework.beans.factory.xml.XmlBeanDefinitionReader - Loading XML bean definitions from URL [jar:file:/C:/Users/Administrator/.m2/repository/cn/interheart/platform.core/1.0.11/platform.core-1.0.11.jar!/applicationContext-db.xml]
2017-08-30 10:45:01 com.atomikos.jdbc.AbstractDataSourceBean - AtomikosDataSoureBean 'config': init...
2017-08-30 10:45:01 com.atomikos.jdbc.AtomikosDataSourceBean - AtomikosDataSoureBean 'config': initializing with [ xaDataSourceClassName=null, uniqueResourceName=config, maxPoolSize=50, minPoolSize=5, borrowConnectionTimeout=60, maxIdleTime=60, reapTimeout=0, maintenanceInterval=60, testQuery=select version(), xaProperties=[], loginTimeout=0, maxLifetime=0]
2017-08-30 10:45:01 com.atomikos.jdbc.AbstractDataSourceBean - AtomikosDataSoureBean 'config': init...
2017-08-30 10:45:02 com.atomikos.jdbc.AbstractDataSourceBean - AtomikosDataSoureBean 'member': init...
2017-08-30 10:45:02 com.atomikos.jdbc.AtomikosDataSourceBean - AtomikosDataSoureBean 'member': initializing with [ xaDataSourceClassName=null, uniqueResourceName=member, maxPoolSize=50, minPoolSize=5, borrowConnectionTimeout=60, maxIdleTime=60, reapTimeout=0, maintenanceInterval=60, testQuery=select version(), xaProperties=[], loginTimeout=0, maxLifetime=0]
2017-08-30 10:45:02 com.atomikos.jdbc.AbstractDataSourceBean - AtomikosDataSoureBean 'member': init...
2017-08-30 10:45:02 com.atomikos.jdbc.AbstractDataSourceBean - AtomikosDataSoureBean 'systemUser': init...
2017-08-30 10:45:02 com.atomikos.jdbc.AtomikosDataSourceBean - AtomikosDataSoureBean 'systemUser': initializing with [ xaDataSourceClassName=null, uniqueResourceName=systemUser, maxPoolSize=50, minPoolSize=5, borrowConnectionTimeout=60, maxIdleTime=60, reapTimeout=0, maintenanceInterval=60, testQuery=select version(), xaProperties=[], loginTimeout=0, maxLifetime=0]
2017-08-30 10:45:02 com.atomikos.jdbc.AbstractDataSourceBean - AtomikosDataSoureBean 'systemUser': init...
2017-08-30 10:45:03 com.atomikos.jdbc.AbstractDataSourceBean - AtomikosDataSoureBean 'loan': init...
2017-08-30 10:45:03 com.atomikos.jdbc.AtomikosDataSourceBean - AtomikosDataSoureBean 'loan': initializing with [ xaDataSourceClassName=null, uniqueResourceName=loan, maxPoolSize=50, minPoolSize=5, borrowConnectionTimeout=60, maxIdleTime=60, reapTimeout=0, maintenanceInterval=60, testQuery=select version(), xaProperties=[], loginTimeout=0, maxLifetime=0]
2017-08-30 10:45:03 com.atomikos.jdbc.AbstractDataSourceBean - AtomikosDataSoureBean 'loan': init...
2017-08-30 10:45:04 com.atomikos.jdbc.AbstractDataSourceBean - AtomikosDataSoureBean 'log': init...
2017-08-30 10:45:04 com.atomikos.jdbc.AtomikosDataSourceBean - AtomikosDataSoureBean 'log': initializing with [ xaDataSourceClassName=null, uniqueResourceName=log, maxPoolSize=50, minPoolSize=5, borrowConnectionTimeout=60, maxIdleTime=60, reapTimeout=0, maintenanceInterval=60, testQuery=select version(), xaProperties=[], loginTimeout=0, maxLifetime=0]
2017-08-30 10:45:04 com.atomikos.jdbc.AbstractDataSourceBean - AtomikosDataSoureBean 'log': init...
2017-08-30 10:45:04 org.springframework.scheduling.concurrent.ThreadPoolTaskScheduler - Initializing ExecutorService  'org.springframework.scheduling.concurrent.ThreadPoolTaskScheduler#0'
2017-08-30 10:45:04 org.quartz.impl.StdSchedulerFactory - Using default implementation for ThreadExecutor
2017-08-30 10:45:04 org.quartz.core.SchedulerSignalerImpl - Initialized Scheduler Signaller of type: class org.quartz.core.SchedulerSignalerImpl
2017-08-30 10:45:04 org.quartz.core.QuartzScheduler - Quartz Scheduler v.2.2.3 created.
2017-08-30 10:45:04 org.quartz.simpl.RAMJobStore - RAMJobStore initialized.
2017-08-30 10:45:04 org.quartz.core.QuartzScheduler - Scheduler meta-data: Quartz Scheduler (v2.2.3) 'schedulerFactoryBean' with instanceId 'NON_CLUSTERED'
  Scheduler class: 'org.quartz.core.QuartzScheduler' - running locally.
  NOT STARTED.
  Currently in standby mode.
  Number of jobs executed: 0
  Using thread pool 'org.quartz.simpl.SimpleThreadPool' - with 10 threads.
  Using job-store 'org.quartz.simpl.RAMJobStore' - which does not support persistence. and is not clustered.

2017-08-30 10:45:04 org.quartz.impl.StdSchedulerFactory - Quartz scheduler 'schedulerFactoryBean' initialized from an externally provided properties instance.
2017-08-30 10:45:04 org.quartz.impl.StdSchedulerFactory - Quartz scheduler version: 2.2.3
2017-08-30 10:45:04 org.quartz.core.QuartzScheduler - JobFactory set to: org.springframework.scheduling.quartz.AdaptableJobFactory@512abf25
2017-08-30 10:45:04 com.atomikos.icatch.provider.imp.AssemblerImp - Loaded jar:file:/C:/Users/Administrator/.m2/repository/com/atomikos/transactions/4.0.4/transactions-4.0.4.jar!/transactions-defaults.properties
2017-08-30 10:45:04 com.atomikos.icatch.provider.imp.AssemblerImp - Loaded file:/H:/CheFeiDaiWorkSpace_20170814/houhe-api/web/target/classes/jta.properties
2017-08-30 10:45:04 com.atomikos.icatch.provider.imp.AssemblerImp - USING: com.atomikos.icatch.console_file_name = tm.out
2017-08-30 10:45:04 com.atomikos.icatch.provider.imp.AssemblerImp - USING: com.atomikos.icatch.allow_subtransactions = true
2017-08-30 10:45:04 com.atomikos.icatch.provider.imp.AssemblerImp - USING: com.atomikos.icatch.recovery_delay = 300000
2017-08-30 10:45:04 com.atomikos.icatch.provider.imp.AssemblerImp - USING: com.atomikos.icatch.automatic_resource_registration = true
2017-08-30 10:45:04 com.atomikos.icatch.provider.imp.AssemblerImp - USING: com.atomikos.icatch.oltp_max_retries = 5
2017-08-30 10:45:04 com.atomikos.icatch.provider.imp.AssemblerImp - USING: com.atomikos.icatch.client_demarcation = false
2017-08-30 10:45:04 com.atomikos.icatch.provider.imp.AssemblerImp - USING: com.atomikos.icatch.threaded_2pc = false
2017-08-30 10:45:04 com.atomikos.icatch.provider.imp.AssemblerImp - USING: com.atomikos.icatch.serial_jta_transactions = true
2017-08-30 10:45:04 com.atomikos.icatch.provider.imp.AssemblerImp - USING: com.atomikos.icatch.log_base_dir = logs/houhe/
2017-08-30 10:45:04 com.atomikos.icatch.provider.imp.AssemblerImp - USING: com.atomikos.icatch.rmi_export_class = none
2017-08-30 10:45:04 com.atomikos.icatch.provider.imp.AssemblerImp - USING: com.atomikos.icatch.max_actives = 50
2017-08-30 10:45:04 com.atomikos.icatch.provider.imp.AssemblerImp - USING: com.atomikos.icatch.checkpoint_interval = 500
2017-08-30 10:45:04 com.atomikos.icatch.provider.imp.AssemblerImp - USING: com.atomikos.icatch.enable_logging = true
2017-08-30 10:45:04 com.atomikos.icatch.provider.imp.AssemblerImp - USING: com.atomikos.icatch.log_base_name = tmlog
2017-08-30 10:45:04 com.atomikos.icatch.provider.imp.AssemblerImp - USING: com.atomikos.icatch.max_timeout = 0
2017-08-30 10:45:04 com.atomikos.icatch.provider.imp.AssemblerImp - USING: com.atomikos.icatch.trust_client_tm = false
2017-08-30 10:45:04 com.atomikos.icatch.provider.imp.AssemblerImp - USING: java.naming.factory.initial = com.sun.jndi.rmi.registry.RegistryContextFactory
2017-08-30 10:45:04 com.atomikos.icatch.provider.imp.AssemblerImp - USING: com.atomikos.icatch.tm_unique_name = com.atomikos.spring.jdbc.tm
2017-08-30 10:45:04 com.atomikos.icatch.provider.imp.AssemblerImp - USING: com.atomikos.icatch.forget_orphaned_log_entries_delay = 86400000
2017-08-30 10:45:04 com.atomikos.icatch.provider.imp.AssemblerImp - USING: com.atomikos.icatch.oltp_retry_interval = 10000
2017-08-30 10:45:04 com.atomikos.icatch.provider.imp.AssemblerImp - USING: java.naming.provider.url = rmi://localhost:1099
2017-08-30 10:45:04 com.atomikos.icatch.provider.imp.AssemblerImp - USING: com.atomikos.icatch.service = com.atomikos.icatch.standalone.UserTransactionServiceFactory
2017-08-30 10:45:04 com.atomikos.icatch.provider.imp.AssemblerImp - USING: com.atomikos.icatch.force_shutdown_on_vm_exit = false
2017-08-30 10:45:04 com.atomikos.icatch.provider.imp.AssemblerImp - USING: com.atomikos.icatch.default_jta_timeout = 300000
2017-08-30 10:45:04 com.atomikos.icatch.provider.imp.AssemblerImp - Using default (local) logging and recovery...
2017-08-30 10:45:04 com.atomikos.datasource.xa.XATransactionalResource - config: refreshed XAResource
2017-08-30 10:45:04 com.atomikos.datasource.xa.XATransactionalResource - member: refreshed XAResource
2017-08-30 10:45:04 com.atomikos.datasource.xa.XATransactionalResource - systemUser: refreshed XAResource
2017-08-30 10:45:05 com.atomikos.datasource.xa.XATransactionalResource - loan: refreshed XAResource
2017-08-30 10:45:05 com.atomikos.datasource.xa.XATransactionalResource - log: refreshed XAResource
2017-08-30 10:45:05 org.springframework.transaction.jta.JtaTransactionManager - Using JTA UserTransaction: com.atomikos.icatch.jta.UserTransactionImp@23bd0c81
2017-08-30 10:45:05 org.springframework.transaction.jta.JtaTransactionManager - Using JTA TransactionManager: com.atomikos.icatch.jta.UserTransactionManager@19b5214b
2017-08-30 10:45:05 org.springframework.context.support.DefaultLifecycleProcessor - Starting beans in phase 2147483647
2017-08-30 10:45:05 org.springframework.scheduling.quartz.SchedulerFactoryBean - Starting Quartz Scheduler now
2017-08-30 10:45:05 org.quartz.core.QuartzScheduler - Scheduler schedulerFactoryBean_$_NON_CLUSTERED started.
2017-08-30 10:45:05 org.springframework.web.context.ContextLoader - Root WebApplicationContext: initialization completed in 6386 ms
